<?xml version="1.0" encoding="UTF-8" ?>
<testsuite failures="0" time="2.091" errors="0" skipped="0" tests="4" name="ch.sbb.releasetrain.utils.http.HttpUtilTest">
  <properties>
[...]
</properties>
  <testcase time="1.207" classname="ch.sbb.releasetrain.utils.http.HttpUtilTest" name="testPostBasic"/>
  <testcase time="0.498" classname="ch.sbb.releasetrain.utils.http.HttpUtilTest" name="testGetBasic"/>
  <testcase time="0.212" classname="ch.sbb.releasetrain.utils.http.HttpUtilTest" name="testGetGoogle"/>
  <testcase time="0.174" classname="ch.sbb.releasetrain.utils.http.HttpUtilTest" name="testGetStream"/>
</testsuite>